<?xml version="1.0" encoding="UTF-8"?>
<testng-results ignored="0" total="3" passed="3" failed="0" skipped="0">
  <reporter-output>
  </reporter-output>
  <suite started-at="2024-12-03T00:16:31 EST" name="Default suite" finished-at="2024-12-03T00:16:33 EST" duration-ms="2531">
    <groups>
    </groups>
    <test started-at="2024-12-03T00:16:31 EST" name="Default test" finished-at="2024-12-03T00:16:33 EST" duration-ms="2531">
      <class name="com.example.api.ApiTest">
        <test-method signature="testAllPosts()[pri:0, instance:com.example.api.ApiTest@4ac3c60d]" started-at="2024-12-03T00:16:31 EST" name="testAllPosts" finished-at="2024-12-03T00:16:33 EST" duration-ms="1998" status="PASS">
          <reporter-output>
          </reporter-output>
        </test-method> <!-- testAllPosts -->
        <test-method signature="testGetRequest()[pri:0, instance:com.example.api.ApiTest@4ac3c60d]" started-at="2024-12-03T00:16:33 EST" name="testGetRequest" finished-at="2024-12-03T00:16:33 EST" duration-ms="224" status="PASS">
          <reporter-output>
          </reporter-output>
        </test-method> <!-- testGetRequest -->
        <test-method signature="testPostRequest()[pri:0, instance:com.example.api.ApiTest@4ac3c60d]" started-at="2024-12-03T00:16:33 EST" name="testPostRequest" finished-at="2024-12-03T00:16:33 EST" duration-ms="273" status="PASS">
          <reporter-output>
          </reporter-output>
        </test-method> <!-- testPostRequest -->
      </class> <!-- com.example.api.ApiTest -->
    </test> <!-- Default test -->
  </suite> <!-- Default suite -->
</testng-results>
