<?xml version="1.0" encoding="UTF-8"?>
<!-- Generated by org.testng.reporters.JUnitXMLReporter -->
<testsuite ignored="0" hostname="kler" failures="0" tests="3" name="Default test" time="2.531" errors="0" timestamp="2024-12-03T00:16:33 EST">
  <testcase classname="com.example.api.ApiTest" name="testAllPosts" time="1.998"/>
  <testcase classname="com.example.api.ApiTest" name="testGetRequest" time="0.224"/>
  <testcase classname="com.example.api.ApiTest" name="testPostRequest" time="0.273"/>
</testsuite> <!-- Default test -->
